{
  "/Users/sumitkhandelwal/Training/Eduramp/Mar24_Optum/playground/frontend-js/utils/validator.js": {
    "path": "/Users/sumitkhandelwal/Training/Eduramp/Mar24_Optum/playground/frontend-js/utils/validator.js",
    "statementMap": {
      "0": {
        "start": { "line": 1, "column": 21 },
        "end": { "line": 1, "column": 57 }
      },
      "1": {
        "start": { "line": 1, "column": 35 },
        "end": { "line": 1, "column": 57 }
      },
      "2": {
        "start": { "line": 3, "column": 24 },
        "end": { "line": 3, "column": 58 }
      },
      "3": {
        "start": { "line": 3, "column": 38 },
        "end": { "line": 3, "column": 58 }
      },
      "4": {
        "start": { "line": 6, "column": 0 },
        "end": { "line": 9, "column": 2 }
      }
    },
    "fnMap": {
      "0": {
        "name": "(anonymous_0)",
        "decl": {
          "start": { "line": 1, "column": 21 },
          "end": { "line": 1, "column": 22 }
        },
        "loc": {
          "start": { "line": 1, "column": 35 },
          "end": { "line": 1, "column": 57 }
        },
        "line": 1
      },
      "1": {
        "name": "(anonymous_1)",
        "decl": {
          "start": { "line": 3, "column": 24 },
          "end": { "line": 3, "column": 25 }
        },
        "loc": {
          "start": { "line": 3, "column": 38 },
          "end": { "line": 3, "column": 58 }
        },
        "line": 3
      }
    },
    "branchMap": {},
    "s": { "0": 1, "1": 1, "2": 1, "3": 2, "4": 1 },
    "f": { "0": 1, "1": 2 },
    "b": {},
    "_coverageSchema": "1a1c01bbd47fc00a2c39e90264f33305004495a9",
    "hash": "054fb7bf651c8988f6a0859095d7fc09aeeb7ea2"
  }
}
